<?xml version="1.0" encoding="UTF-8"?>
<!-- Generated by org.testng.reporters.JUnitReportReporter -->
<testsuite skipped="0" hostname="Darshil" name="com.globalsqa.testsuite.BankTest" tests="1" failures="0" timestamp="2022-05-12T12:36:15 BST" time="5.545" errors="0">
  <testcase name="loginlink" time="5.545" classname="com.globalsqa.testsuite.BankTest"/>
  <system-out/>
</testsuite> <!-- com.globalsqa.testsuite.BankTest -->
